<?xml version="1.0" encoding="UTF-8"?>
<!-- Generated by org.testng.reporters.JUnitXMLReporter -->
<testsuite ignored="0" hostname="BINTERNS-QA8L" failures="0" tests="3" name="Default test" time="0.058" errors="0" timestamp="2023-03-07T16:09:17 IST">
  <testcase classname="annotations.test1" name="Search" time="0.011"/>
  <testcase classname="annotations.test1" name="Logim" time="0.001"/>
  <testcase classname="annotations.test1" name="AdvanceSearch" time="0.001"/>
</testsuite> <!-- Default test -->
